NitrrCompilerAndroidApp/libraries/sharedCode/build/outputs/logs/manifest-merger-debug-report.txt
-- Merging decision tree log ---
manifest
ADDED from src/main/AndroidManifest.xml:3:1-15:12
INJECTED from src/main/AndroidManifest.xml:3:1-15:12
INJECTED from src/main/AndroidManifest.xml:3:1-15:12
INJECTED from src/main/AndroidManifest.xml:3:1-15:12
INJECTED from src/main/AndroidManifest.xml:3:1-15:12
INJECTED from src/main/AndroidManifest.xml:3:1-15:12
INJECTED from src/main/AndroidManifest.xml:3:1-15:12
	package
		ADDED from src/main/AndroidManifest.xml:3:70-92
		INJECTED from src/main/AndroidManifest.xml
		INJECTED from src/main/AndroidManifest.xml
	android:versionName
		INJECTED from src/main/AndroidManifest.xml
		ADDED from src/main/AndroidManifest.xml:3:1-15:12
		INJECTED from src/main/AndroidManifest.xml
	android:versionCode
		INJECTED from src/main/AndroidManifest.xml
		ADDED from src/main/AndroidManifest.xml:3:1-15:12
		INJECTED from src/main/AndroidManifest.xml
	xmlns:android
		ADDED from src/main/AndroidManifest.xml:3:11-69
uses-permission#android.permission.INTERNET
ADDED from src/main/AndroidManifest.xml:5:5-67
	android:name
		ADDED from src/main/AndroidManifest.xml:5:22-64
application
ADDED from src/main/AndroidManifest.xml:7:5-13:19
activity#nitrr.meghal.assignments.AssignmentActivity
ADDED from src/main/AndroidManifest.xml:8:9-77
	android:name
		ADDED from src/main/AndroidManifest.xml:8:19-65
activity#nitrr.meghal.classes.view.ClassListActivity
ADDED from src/main/AndroidManifest.xml:9:9-77
	android:name
		ADDED from src/main/AndroidManifest.xml:9:19-65
uses-sdk
INJECTED from src/main/AndroidManifest.xml reason: use-sdk injection requested
INJECTED from src/main/AndroidManifest.xml
INJECTED from src/main/AndroidManifest.xml
INJECTED from src/main/AndroidManifest.xml
INJECTED from src/main/AndroidManifest.xml
	android:targetSdkVersion
		INJECTED from src/main/AndroidManifest.xml
		ADDED from src/main/AndroidManifest.xml
		INJECTED from src/main/AndroidManifest.xml
	android:minSdkVersion
		INJECTED from src/main/AndroidManifest.xml
		ADDED from src/main/AndroidManifest.xml
		INJECTED from src/main/AndroidManifest.xml